{
  "/Users/oceanli/Documents/Alex/NSC CS/CSB430/TaskManagement_GroupA/backend/src/config/keycloak.js": {
    "path": "/Users/oceanli/Documents/Alex/NSC CS/CSB430/TaskManagement_GroupA/backend/src/config/keycloak.js",
    "statementMap": {
      "0": {
        "start": { "line": 4, "column": 18 },
        "end": { "line": 4, "column": 114 }
      },
      "1": {
        "start": { "line": 5, "column": 2 },
        "end": { "line": 5, "column": null }
      },
      "2": {
        "start": { "line": 6, "column": 2 },
        "end": { "line": 6, "column": null }
      },
      "3": {
        "start": { "line": 10, "column": 2 },
        "end": { "line": 12, "column": null }
      },
      "4": {
        "start": { "line": 11, "column": 4 },
        "end": { "line": 11, "column": null }
      },
      "5": {
        "start": { "line": 13, "column": 2 },
        "end": { "line": 13, "column": null }
      }
    },
    "fnMap": {
      "0": {
        "name": "initKeycloak",
        "decl": {
          "start": { "line": 3, "column": 22 },
          "end": { "line": 3, "column": 34 }
        },
        "loc": {
          "start": { "line": 3, "column": 37 },
          "end": { "line": 7, "column": null }
        },
        "line": 3
      },
      "1": {
        "name": "getJWKS",
        "decl": {
          "start": { "line": 9, "column": 16 },
          "end": { "line": 9, "column": 23 }
        },
        "loc": {
          "start": { "line": 9, "column": 26 },
          "end": { "line": 14, "column": null }
        },
        "line": 9
      }
    },
    "branchMap": {
      "0": {
        "loc": {
          "start": { "line": 10, "column": 2 },
          "end": { "line": 12, "column": null }
        },
        "type": "if",
        "locations": [
          {
            "start": { "line": 10, "column": 2 },
            "end": { "line": 12, "column": null }
          },
          { "start": {}, "end": {} }
        ],
        "line": 10
      }
    },
    "s": { "0": 0, "1": 0, "2": 0, "3": 0, "4": 0, "5": 0 },
    "f": { "0": 0, "1": 0 },
    "b": { "0": [0, 0] },
    "meta": {
      "lastBranch": 1,
      "lastFunction": 2,
      "lastStatement": 6,
      "seen": {
        "f:3:22:3:34": 0,
        "s:4:18:4:114": 0,
        "s:5:2:5:Infinity": 1,
        "s:6:2:6:Infinity": 2,
        "f:9:16:9:23": 1,
        "b:10:2:12:Infinity:undefined:undefined:undefined:undefined": 0,
        "s:10:2:12:Infinity": 3,
        "s:11:4:11:Infinity": 4,
        "s:13:2:13:Infinity": 5
      }
    }
  },
  "/Users/oceanli/Documents/Alex/NSC CS/CSB430/TaskManagement_GroupA/backend/src/config/uploadConfig.js": {
    "path": "/Users/oceanli/Documents/Alex/NSC CS/CSB430/TaskManagement_GroupA/backend/src/config/uploadConfig.js",
    "statementMap": {
      "0": {
        "start": { "line": 5, "column": 18 },
        "end": { "line": 5, "column": 48 }
      },
      "1": {
        "start": { "line": 6, "column": 21 },
        "end": { "line": 6, "column": 78 }
      },
      "2": {
        "start": { "line": 7, "column": 2 },
        "end": { "line": 7, "column": null }
      },
      "3": {
        "start": { "line": 8, "column": 2 },
        "end": { "line": 8, "column": null }
      }
    },
    "fnMap": {
      "0": {
        "name": "getUploadBase",
        "decl": {
          "start": { "line": 4, "column": 16 },
          "end": { "line": 4, "column": 29 }
        },
        "loc": {
          "start": { "line": 4, "column": 32 },
          "end": { "line": 9, "column": null }
        },
        "line": 4
      }
    },
    "branchMap": {
      "0": {
        "loc": {
          "start": { "line": 6, "column": 21 },
          "end": { "line": 6, "column": 78 }
        },
        "type": "cond-expr",
        "locations": [
          {
            "start": { "line": 6, "column": 31 },
            "end": { "line": 6, "column": 52 }
          },
          {
            "start": { "line": 6, "column": 55 },
            "end": { "line": 6, "column": 78 }
          }
        ],
        "line": 6
      }
    },
    "s": { "0": 0, "1": 0, "2": 0, "3": 0 },
    "f": { "0": 0 },
    "b": { "0": [0, 0] },
    "meta": {
      "lastBranch": 1,
      "lastFunction": 1,
      "lastStatement": 4,
      "seen": {
        "f:4:16:4:29": 0,
        "s:5:18:5:48": 0,
        "s:6:21:6:78": 1,
        "b:6:31:6:52:6:55:6:78": 0,
        "s:7:2:7:Infinity": 2,
        "s:8:2:8:Infinity": 3
      }
    }
  },
  "/Users/oceanli/Documents/Alex/NSC CS/CSB430/TaskManagement_GroupA/backend/src/controllers/attachmentsController.js": {
    "path": "/Users/oceanli/Documents/Alex/NSC CS/CSB430/TaskManagement_GroupA/backend/src/controllers/attachmentsController.js",
    "statementMap": {
      "0": {
        "start": { "line": 15, "column": 19 },
        "end": { "line": 15, "column": 47 }
      },
      "1": {
        "start": { "line": 16, "column": 23 },
        "end": { "line": 16, "column": 41 }
      },
      "2": {
        "start": { "line": 17, "column": 2 },
        "end": { "line": 22, "column": null }
      },
      "3": {
        "start": { "line": 21, "column": 4 },
        "end": { "line": 21, "column": null }
      },
      "4": {
        "start": { "line": 23, "column": 2 },
        "end": { "line": 23, "column": null }
      },
      "5": {
        "start": { "line": 27, "column": 2 },
        "end": { "line": 27, "column": null }
      },
      "6": {
        "start": { "line": 31, "column": 2 },
        "end": { "line": 31, "column": null }
      },
      "7": {
        "start": { "line": 31, "column": 34 },
        "end": { "line": 31, "column": null }
      },
      "8": {
        "start": { "line": 33, "column": 18 },
        "end": { "line": 39, "column": 4 }
      },
      "9": {
        "start": { "line": 41, "column": 2 },
        "end": { "line": 41, "column": null }
      },
      "10": {
        "start": { "line": 45, "column": 2 },
        "end": { "line": 68, "column": null }
      },
      "11": {
        "start": { "line": 46, "column": 26 },
        "end": { "line": 46, "column": 36 }
      },
      "12": {
        "start": { "line": 48, "column": 4 },
        "end": { "line": 50, "column": null }
      },
      "13": {
        "start": { "line": 49, "column": 6 },
        "end": { "line": 49, "column": null }
      },
      "14": {
        "start": { "line": 52, "column": 20 },
        "end": { "line": 52, "column": 58 }
      },
      "15": {
        "start": { "line": 53, "column": 4 },
        "end": { "line": 53, "column": null }
      },
      "16": {
        "start": { "line": 53, "column": 18 },
        "end": { "line": 53, "column": null }
      },
      "17": {
        "start": { "line": 55, "column": 18 },
        "end": { "line": 61, "column": 6 }
      },
      "18": {
        "start": { "line": 63, "column": 24 },
        "end": { "line": 63, "column": 76 }
      },
      "19": {
        "start": { "line": 63, "column": 44 },
        "end": { "line": 63, "column": 59 }
      },
      "20": {
        "start": { "line": 65, "column": 4 },
        "end": { "line": 65, "column": null }
      },
      "21": {
        "start": { "line": 67, "column": 4 },
        "end": { "line": 67, "column": null }
      },
      "22": {
        "start": { "line": 72, "column": 16 },
        "end": { "line": 76, "column": 10 }
      },
      "23": {
        "start": { "line": 78, "column": 23 },
        "end": { "line": 85, "column": 3 }
      },
      "24": {
        "start": { "line": 79, "column": 4 },
        "end": { "line": 84, "column": null }
      },
      "25": {
        "start": { "line": 81, "column": 8 },
        "end": { "line": 81, "column": null }
      },
      "26": {
        "start": { "line": 81, "column": 23 },
        "end": { "line": 81, "column": null }
      },
      "27": {
        "start": { "line": 82, "column": 8 },
        "end": { "line": 82, "column": null }
      },
      "28": {
        "start": { "line": 88, "column": 26 },
        "end": { "line": 88, "column": 28 }
      },
      "29": {
        "start": { "line": 89, "column": 27 },
        "end": { "line": 89, "column": 73 }
      },
      "30": {
        "start": { "line": 89, "column": 47 },
        "end": { "line": 89, "column": 56 }
      },
      "31": {
        "start": { "line": 91, "column": 2 },
        "end": { "line": 159, "column": null }
      },
      "32": {
        "start": { "line": 92, "column": 26 },
        "end": { "line": 92, "column": 36 }
      },
      "33": {
        "start": { "line": 93, "column": 4 },
        "end": { "line": 97, "column": null }
      },
      "34": {
        "start": { "line": 94, "column": 6 },
        "end": { "line": 96, "column": null }
      },
      "35": {
        "start": { "line": 99, "column": 23 },
        "end": { "line": 99, "column": 36 }
      },
      "36": {
        "start": { "line": 100, "column": 4 },
        "end": { "line": 100, "column": null }
      },
      "37": {
        "start": { "line": 100, "column": 21 },
        "end": { "line": 100, "column": null }
      },
      "38": {
        "start": { "line": 102, "column": 20 },
        "end": { "line": 102, "column": 58 }
      },
      "39": {
        "start": { "line": 103, "column": 4 },
        "end": { "line": 105, "column": null }
      },
      "40": {
        "start": { "line": 104, "column": 6 },
        "end": { "line": 104, "column": null }
      },
      "41": {
        "start": { "line": 107, "column": 4 },
        "end": { "line": 107, "column": null }
      },
      "42": {
        "start": { "line": 109, "column": 20 },
        "end": { "line": 109, "column": 22 }
      },
      "43": {
        "start": { "line": 110, "column": 4 },
        "end": { "line": 148, "column": null }
      },
      "44": {
        "start": { "line": 111, "column": 23 },
        "end": { "line": 111, "column": 36 }
      },
      "45": {
        "start": { "line": 112, "column": 25 },
        "end": { "line": 124, "column": 7 }
      },
      "46": {
        "start": { "line": 126, "column": 6 },
        "end": { "line": 132, "column": null }
      },
      "47": {
        "start": { "line": 134, "column": 24 },
        "end": { "line": 134, "column": 40 }
      },
      "48": {
        "start": { "line": 135, "column": 28 },
        "end": { "line": 135, "column": 74 }
      },
      "49": {
        "start": { "line": 136, "column": 23 },
        "end": { "line": 136, "column": 75 }
      },
      "50": {
        "start": { "line": 137, "column": 6 },
        "end": { "line": 137, "column": null }
      },
      "51": {
        "start": { "line": 138, "column": 24 },
        "end": { "line": 138, "column": 62 }
      },
      "52": {
        "start": { "line": 139, "column": 6 },
        "end": { "line": 139, "column": null }
      },
      "53": {
        "start": { "line": 140, "column": 6 },
        "end": { "line": 140, "column": null }
      },
      "54": {
        "start": { "line": 142, "column": 24 },
        "end": { "line": 142, "column": 59 }
      },
      "55": {
        "start": { "line": 143, "column": 6 },
        "end": { "line": 143, "column": null }
      },
      "56": {
        "start": { "line": 143, "column": 26 },
        "end": { "line": 143, "column": null }
      },
      "57": {
        "start": { "line": 145, "column": 6 },
        "end": { "line": 145, "column": null }
      },
      "58": {
        "start": { "line": 146, "column": 6 },
        "end": { "line": 146, "column": null }
      },
      "59": {
        "start": { "line": 147, "column": 6 },
        "end": { "line": 147, "column": null }
      },
      "60": {
        "start": { "line": 150, "column": 4 },
        "end": { "line": 150, "column": null }
      },
      "61": {
        "start": { "line": 151, "column": 4 },
        "end": { "line": 151, "column": null }
      },
      "62": {
        "start": { "line": 153, "column": 4 },
        "end": { "line": 155, "column": null }
      },
      "63": {
        "start": { "line": 154, "column": 6 },
        "end": { "line": 154, "column": null }
      },
      "64": {
        "start": { "line": 156, "column": 4 },
        "end": { "line": 156, "column": null }
      },
      "65": {
        "start": { "line": 157, "column": 4 },
        "end": { "line": 157, "column": null }
      },
      "66": {
        "start": { "line": 158, "column": 4 },
        "end": { "line": 158, "column": null }
      },
      "67": {
        "start": { "line": 163, "column": 2 },
        "end": { "line": 186, "column": null }
      },
      "68": {
        "start": { "line": 164, "column": 29 },
        "end": { "line": 164, "column": 39 }
      },
      "69": {
        "start": { "line": 166, "column": 23 },
        "end": { "line": 166, "column": 62 }
      },
      "70": {
        "start": { "line": 167, "column": 4 },
        "end": { "line": 168, "column": null }
      },
      "71": {
        "start": { "line": 168, "column": 6 },
        "end": { "line": 168, "column": null }
      },
      "72": {
        "start": { "line": 170, "column": 24 },
        "end": { "line": 173, "column": 6 }
      },
      "73": {
        "start": { "line": 174, "column": 4 },
        "end": { "line": 178, "column": null }
      },
      "74": {
        "start": { "line": 175, "column": 6 },
        "end": { "line": 177, "column": null }
      },
      "75": {
        "start": { "line": 180, "column": 20 },
        "end": { "line": 180, "column": 70 }
      },
      "76": {
        "start": { "line": 181, "column": 4 },
        "end": { "line": 181, "column": null }
      },
      "77": {
        "start": { "line": 181, "column": 18 },
        "end": { "line": 181, "column": null }
      },
      "78": {
        "start": { "line": 183, "column": 4 },
        "end": { "line": 183, "column": null }
      },
      "79": {
        "start": { "line": 185, "column": 4 },
        "end": { "line": 185, "column": null }
      },
      "80": {
        "start": { "line": 190, "column": 2 },
        "end": { "line": 226, "column": null }
      },
      "81": {
        "start": { "line": 191, "column": 29 },
        "end": { "line": 191, "column": 39 }
      },
      "82": {
        "start": { "line": 193, "column": 23 },
        "end": { "line": 193, "column": 62 }
      },
      "83": {
        "start": { "line": 194, "column": 4 },
        "end": { "line": 195, "column": null }
      },
      "84": {
        "start": { "line": 195, "column": 6 },
        "end": { "line": 195, "column": null }
      },
      "85": {
        "start": { "line": 197, "column": 24 },
        "end": { "line": 200, "column": 6 }
      },
      "86": {
        "start": { "line": 201, "column": 4 },
        "end": { "line": 205, "column": null }
      },
      "87": {
        "start": { "line": 202, "column": 6 },
        "end": { "line": 204, "column": null }
      },
      "88": {
        "start": { "line": 207, "column": 20 },
        "end": { "line": 207, "column": 70 }
      },
      "89": {
        "start": { "line": 208, "column": 4 },
        "end": { "line": 208, "column": null }
      },
      "90": {
        "start": { "line": 208, "column": 18 },
        "end": { "line": 208, "column": null }
      },
      "91": {
        "start": { "line": 210, "column": 22 },
        "end": { "line": 210, "column": 38 }
      },
      "92": {
        "start": { "line": 211, "column": 21 },
        "end": { "line": 211, "column": 60 }
      },
      "93": {
        "start": { "line": 214, "column": 4 },
        "end": { "line": 217, "column": null }
      },
      "94": {
        "start": { "line": 218, "column": 4 },
        "end": { "line": 221, "column": null }
      },
      "95": {
        "start": { "line": 223, "column": 4 },
        "end": { "line": 223, "column": null }
      },
      "96": {
        "start": { "line": 225, "column": 4 },
        "end": { "line": 225, "column": null }
      },
      "97": {
        "start": { "line": 230, "column": 2 },
        "end": { "line": 259, "column": null }
      },
      "98": {
        "start": { "line": 231, "column": 29 },
        "end": { "line": 231, "column": 39 }
      },
      "99": {
        "start": { "line": 233, "column": 23 },
        "end": { "line": 233, "column": 62 }
      },
      "100": {
        "start": { "line": 234, "column": 4 },
        "end": { "line": 235, "column": null }
      },
      "101": {
        "start": { "line": 235, "column": 6 },
        "end": { "line": 235, "column": null }
      },
      "102": {
        "start": { "line": 237, "column": 24 },
        "end": { "line": 240, "column": 6 }
      },
      "103": {
        "start": { "line": 241, "column": 4 },
        "end": { "line": 245, "column": null }
      },
      "104": {
        "start": { "line": 242, "column": 6 },
        "end": { "line": 244, "column": null }
      },
      "105": {
        "start": { "line": 247, "column": 20 },
        "end": { "line": 247, "column": 70 }
      },
      "106": {
        "start": { "line": 248, "column": 4 },
        "end": { "line": 248, "column": null }
      },
      "107": {
        "start": { "line": 248, "column": 18 },
        "end": { "line": 248, "column": null }
      },
      "108": {
        "start": { "line": 250, "column": 22 },
        "end": { "line": 250, "column": 38 }
      },
      "109": {
        "start": { "line": 251, "column": 21 },
        "end": { "line": 251, "column": 60 }
      },
      "110": {
        "start": { "line": 253, "column": 4 },
        "end": { "line": 253, "column": null }
      },
      "111": {
        "start": { "line": 254, "column": 4 },
        "end": { "line": 254, "column": null }
      },
      "112": {
        "start": { "line": 256, "column": 4 },
        "end": { "line": 256, "column": null }
      },
      "113": {
        "start": { "line": 258, "column": 4 },
        "end": { "line": 258, "column": null }
      }
    },
    "fnMap": {
      "0": {
        "name": "safeResolve",
        "decl": {
          "start": { "line": 14, "column": 9 },
          "end": { "line": 14, "column": 20 }
        },
        "loc": {
          "start": { "line": 14, "column": 37 },
          "end": { "line": 24, "column": null }
        },
        "line": 14
      },
      "1": {
        "name": "hasAuthenticatedUser",
        "decl": {
          "start": { "line": 26, "column": 9 },
          "end": { "line": 26, "column": 29 }
        },
        "loc": {
          "start": { "line": 26, "column": 35 },
          "end": { "line": 28, "column": null }
        },
        "line": 26
      },
      "2": {
        "name": "hasProjectAccess",
        "decl": {
          "start": { "line": 30, "column": 15 },
          "end": { "line": 30, "column": 31 }
        },
        "loc": {
          "start": { "line": 30, "column": 48 },
          "end": { "line": 42, "column": null }
        },
        "line": 30
      },
      "3": {
        "name": "listProjectAttachments",
        "decl": {
          "start": { "line": 44, "column": 22 },
          "end": { "line": 44, "column": 44 }
        },
        "loc": {
          "start": { "line": 44, "column": 61 },
          "end": { "line": 69, "column": null }
        },
        "line": 44
      },
      "4": {
        "name": "(anonymous_4)",
        "decl": {
          "start": { "line": 63, "column": 34 },
          "end": { "line": 63, "column": 35 }
        },
        "loc": {
          "start": { "line": 63, "column": 44 },
          "end": { "line": 63, "column": 59 }
        },
        "line": 63
      },
      "5": {
        "name": "uploadProjectAttachment",
        "decl": {
          "start": { "line": 71, "column": 22 },
          "end": { "line": 71, "column": 45 }
        },
        "loc": {
          "start": { "line": 71, "column": 62 },
          "end": { "line": 160, "column": null }
        },
        "line": 71
      },
      "6": {
        "name": "(anonymous_6)",
        "decl": {
          "start": { "line": 78, "column": 23 },
          "end": { "line": 78, "column": 28 }
        },
        "loc": {
          "start": { "line": 78, "column": 40 },
          "end": { "line": 85, "column": 3 }
        },
        "line": 78
      },
      "7": {
        "name": "(anonymous_7)",
        "decl": {
          "start": { "line": 80, "column": 16 },
          "end": { "line": 80, "column": 21 }
        },
        "loc": {
          "start": { "line": 80, "column": 36 },
          "end": { "line": 83, "column": 7 }
        },
        "line": 80
      },
      "8": {
        "name": "(anonymous_8)",
        "decl": {
          "start": { "line": 82, "column": 40 },
          "end": { "line": 82, "column": 41 }
        },
        "loc": {
          "start": { "line": 82, "column": 46 },
          "end": { "line": 82, "column": 48 }
        },
        "line": 82
      },
      "9": {
        "name": "(anonymous_9)",
        "decl": {
          "start": { "line": 89, "column": 37 },
          "end": { "line": 89, "column": 38 }
        },
        "loc": {
          "start": { "line": 89, "column": 47 },
          "end": { "line": 89, "column": 56 }
        },
        "line": 89
      },
      "10": {
        "name": "(anonymous_10)",
        "decl": {
          "start": { "line": 154, "column": 41 },
          "end": { "line": 154, "column": 42 }
        },
        "loc": {
          "start": { "line": 154, "column": 47 },
          "end": { "line": 154, "column": 49 }
        },
        "line": 154
      },
      "11": {
        "name": "getAttachmentMetadata",
        "decl": {
          "start": { "line": 162, "column": 22 },
          "end": { "line": 162, "column": 43 }
        },
        "loc": {
          "start": { "line": 162, "column": 60 },
          "end": { "line": 187, "column": null }
        },
        "line": 162
      },
      "12": {
        "name": "downloadAttachment",
        "decl": {
          "start": { "line": 189, "column": 22 },
          "end": { "line": 189, "column": 40 }
        },
        "loc": {
          "start": { "line": 189, "column": 57 },
          "end": { "line": 227, "column": null }
        },
        "line": 189
      },
      "13": {
        "name": "deleteAttachment",
        "decl": {
          "start": { "line": 229, "column": 22 },
          "end": { "line": 229, "column": 38 }
        },
        "loc": {
          "start": { "line": 229, "column": 55 },
          "end": { "line": 260, "column": null }
        },
        "line": 229
      },
      "14": {
        "name": "(anonymous_14)",
        "decl": {
          "start": { "line": 254, "column": 36 },
          "end": { "line": 254, "column": 37 }
        },
        "loc": {
          "start": { "line": 254, "column": 42 },
          "end": { "line": 254, "column": 44 }
        },
        "line": 254
      }
    },
    "branchMap": {
      "0": {
        "loc": {
          "start": { "line": 17, "column": 2 },
          "end": { "line": 22, "column": null }
        },
        "type": "if",
        "locations": [
          {
            "start": { "line": 17, "column": 2 },
            "end": { "line": 22, "column": null }
          },
          { "start": {}, "end": {} }
        ],
        "line": 17
      },
      "1": {
        "loc": {
          "start": { "line": 18, "column": 4 },
          "end": { "line": 19, "column": null }
        },
        "type": "binary-expr",
        "locations": [
          {
            "start": { "line": 18, "column": 4 },
            "end": { "line": 18, "column": 49 }
          },
          {
            "start": { "line": 19, "column": 4 },
            "end": { "line": 19, "column": null }
          }
        ],
        "line": 18
      },
      "2": {
        "loc": {
          "start": { "line": 31, "column": 2 },
          "end": { "line": 31, "column": null }
        },
        "type": "if",
        "locations": [
          {
            "start": { "line": 31, "column": 2 },
            "end": { "line": 31, "column": null }
          },
          { "start": {}, "end": {} }
        ],
        "line": 31
      },
      "3": {
        "loc": {
          "start": { "line": 48, "column": 4 },
          "end": { "line": 50, "column": null }
        },
        "type": "if",
        "locations": [
          {
            "start": { "line": 48, "column": 4 },
            "end": { "line": 50, "column": null }
          },
          { "start": {}, "end": {} }
        ],
        "line": 48
      },
      "4": {
        "loc": {
          "start": { "line": 53, "column": 4 },
          "end": { "line": 53, "column": null }
        },
        "type": "if",
        "locations": [
          {
            "start": { "line": 53, "column": 4 },
            "end": { "line": 53, "column": null }
          },
          { "start": {}, "end": {} }
        ],
        "line": 53
      },
      "5": {
        "loc": {
          "start": { "line": 72, "column": 16 },
          "end": { "line": 76, "column": 10 }
        },
        "type": "cond-expr",
        "locations": [
          {
            "start": { "line": 73, "column": 6 },
            "end": { "line": 73, "column": null }
          },
          {
            "start": { "line": 74, "column": 6 },
            "end": { "line": 76, "column": 10 }
          }
        ],
        "line": 72
      },
      "6": {
        "loc": {
          "start": { "line": 74, "column": 6 },
          "end": { "line": 76, "column": 10 }
        },
        "type": "cond-expr",
        "locations": [
          {
            "start": { "line": 75, "column": 8 },
            "end": { "line": 75, "column": null }
          },
          {
            "start": { "line": 76, "column": 8 },
            "end": { "line": 76, "column": 10 }
          }
        ],
        "line": 74
      },
      "7": {
        "loc": {
          "start": { "line": 81, "column": 8 },
          "end": { "line": 81, "column": null }
        },
        "type": "if",
        "locations": [
          {
            "start": { "line": 81, "column": 8 },
            "end": { "line": 81, "column": null }
          },
          { "start": {}, "end": {} }
        ],
        "line": 81
      },
      "8": {
        "loc": {
          "start": { "line": 93, "column": 4 },
          "end": { "line": 97, "column": null }
        },
        "type": "if",
        "locations": [
          {
            "start": { "line": 93, "column": 4 },
            "end": { "line": 97, "column": null }
          },
          { "start": {}, "end": {} }
        ],
        "line": 93
      },
      "9": {
        "loc": {
          "start": { "line": 100, "column": 4 },
          "end": { "line": 100, "column": null }
        },
        "type": "if",
        "locations": [
          {
            "start": { "line": 100, "column": 4 },
            "end": { "line": 100, "column": null }
          },
          { "start": {}, "end": {} }
        ],
        "line": 100
      },
      "10": {
        "loc": {
          "start": { "line": 103, "column": 4 },
          "end": { "line": 105, "column": null }
        },
        "type": "if",
        "locations": [
          {
            "start": { "line": 103, "column": 4 },
            "end": { "line": 105, "column": null }
          },
          { "start": {}, "end": {} }
        ],
        "line": 103
      },
      "11": {
        "loc": {
          "start": { "line": 143, "column": 6 },
          "end": { "line": 143, "column": null }
        },
        "type": "if",
        "locations": [
          {
            "start": { "line": 143, "column": 6 },
            "end": { "line": 143, "column": null }
          },
          { "start": {}, "end": {} }
        ],
        "line": 143
      },
      "12": {
        "loc": {
          "start": { "line": 153, "column": 4 },
          "end": { "line": 155, "column": null }
        },
        "type": "if",
        "locations": [
          {
            "start": { "line": 153, "column": 4 },
            "end": { "line": 155, "column": null }
          },
          { "start": {}, "end": {} }
        ],
        "line": 153
      },
      "13": {
        "loc": {
          "start": { "line": 167, "column": 4 },
          "end": { "line": 168, "column": null }
        },
        "type": "if",
        "locations": [
          {
            "start": { "line": 167, "column": 4 },
            "end": { "line": 168, "column": null }
          },
          { "start": {}, "end": {} }
        ],
        "line": 167
      },
      "14": {
        "loc": {
          "start": { "line": 174, "column": 4 },
          "end": { "line": 178, "column": null }
        },
        "type": "if",
        "locations": [
          {
            "start": { "line": 174, "column": 4 },
            "end": { "line": 178, "column": null }
          },
          { "start": {}, "end": {} }
        ],
        "line": 174
      },
      "15": {
        "loc": {
          "start": { "line": 181, "column": 4 },
          "end": { "line": 181, "column": null }
        },
        "type": "if",
        "locations": [
          {
            "start": { "line": 181, "column": 4 },
            "end": { "line": 181, "column": null }
          },
          { "start": {}, "end": {} }
        ],
        "line": 181
      },
      "16": {
        "loc": {
          "start": { "line": 194, "column": 4 },
          "end": { "line": 195, "column": null }
        },
        "type": "if",
        "locations": [
          {
            "start": { "line": 194, "column": 4 },
            "end": { "line": 195, "column": null }
          },
          { "start": {}, "end": {} }
        ],
        "line": 194
      },
      "17": {
        "loc": {
          "start": { "line": 201, "column": 4 },
          "end": { "line": 205, "column": null }
        },
        "type": "if",
        "locations": [
          {
            "start": { "line": 201, "column": 4 },
            "end": { "line": 205, "column": null }
          },
          { "start": {}, "end": {} }
        ],
        "line": 201
      },
      "18": {
        "loc": {
          "start": { "line": 208, "column": 4 },
          "end": { "line": 208, "column": null }
        },
        "type": "if",
        "locations": [
          {
            "start": { "line": 208, "column": 4 },
            "end": { "line": 208, "column": null }
          },
          { "start": {}, "end": {} }
        ],
        "line": 208
      },
      "19": {
        "loc": {
          "start": { "line": 216, "column": 6 },
          "end": { "line": 216, "column": null }
        },
        "type": "binary-expr",
        "locations": [
          {
            "start": { "line": 216, "column": 6 },
            "end": { "line": 216, "column": 25 }
          },
          {
            "start": { "line": 216, "column": 29 },
            "end": { "line": 216, "column": null }
          }
        ],
        "line": 216
      },
      "20": {
        "loc": {
          "start": { "line": 234, "column": 4 },
          "end": { "line": 235, "column": null }
        },
        "type": "if",
        "locations": [
          {
            "start": { "line": 234, "column": 4 },
            "end": { "line": 235, "column": null }
          },
          { "start": {}, "end": {} }
        ],
        "line": 234
      },
      "21": {
        "loc": {
          "start": { "line": 241, "column": 4 },
          "end": { "line": 245, "column": null }
        },
        "type": "if",
        "locations": [
          {
            "start": { "line": 241, "column": 4 },
            "end": { "line": 245, "column": null }
          },
          { "start": {}, "end": {} }
        ],
        "line": 241
      },
      "22": {
        "loc": {
          "start": { "line": 248, "column": 4 },
          "end": { "line": 248, "column": null }
        },
        "type": "if",
        "locations": [
          {
            "start": { "line": 248, "column": 4 },
            "end": { "line": 248, "column": null }
          },
          { "start": {}, "end": {} }
        ],
        "line": 248
      }
    },
    "s": {
      "0": 0,
      "1": 0,
      "2": 0,
      "3": 0,
      "4": 0,
      "5": 5,
      "6": 3,
      "7": 0,
      "8": 3,
      "9": 3,
      "10": 2,
      "11": 2,
      "12": 2,
      "13": 0,
      "14": 2,
      "15": 2,
      "16": 1,
      "17": 1,
      "18": 1,
      "19": 1,
      "20": 1,
      "21": 0,
      "22": 0,
      "23": 0,
      "24": 0,
      "25": 0,
      "26": 0,
      "27": 0,
      "28": 0,
      "29": 0,
      "30": 0,
      "31": 0,
      "32": 0,
      "33": 0,
      "34": 0,
      "35": 0,
      "36": 0,
      "37": 0,
      "38": 0,
      "39": 0,
      "40": 0,
      "41": 0,
      "42": 0,
      "43": 0,
      "44": 0,
      "45": 0,
      "46": 0,
      "47": 0,
      "48": 0,
      "49": 0,
      "50": 0,
      "51": 0,
      "52": 0,
      "53": 0,
      "54": 0,
      "55": 0,
      "56": 0,
      "57": 0,
      "58": 0,
      "59": 0,
      "60": 0,
      "61": 0,
      "62": 0,
      "63": 0,
      "64": 0,
      "65": 0,
      "66": 0,
      "67": 1,
      "68": 1,
      "69": 1,
      "70": 1,
      "71": 0,
      "72": 1,
      "73": 1,
      "74": 0,
      "75": 1,
      "76": 1,
      "77": 1,
      "78": 0,
      "79": 0,
      "80": 0,
      "81": 0,
      "82": 0,
      "83": 0,
      "84": 0,
      "85": 0,
      "86": 0,
      "87": 0,
      "88": 0,
      "89": 0,
      "90": 0,
      "91": 0,
      "92": 0,
      "93": 0,
      "94": 0,
      "95": 0,
      "96": 0,
      "97": 0,
      "98": 0,
      "99": 0,
      "100": 0,
      "101": 0,
      "102": 0,
      "103": 0,
      "104": 0,
      "105": 0,
      "106": 0,
      "107": 0,
      "108": 0,
      "109": 0,
      "110": 0,
      "111": 0,
      "112": 0,
      "113": 0
    },
    "f": {
      "0": 0,
      "1": 5,
      "2": 3,
      "3": 2,
      "4": 1,
      "5": 0,
      "6": 0,
      "7": 0,
      "8": 0,
      "9": 0,
      "10": 0,
      "11": 1,
      "12": 0,
      "13": 0,
      "14": 0
    },
    "b": {
      "0": [0, 0],
      "1": [0, 0],
      "2": [0, 3],
      "3": [0, 2],
      "4": [1, 1],
      "5": [0, 0],
      "6": [0, 0],
      "7": [0, 0],
      "8": [0, 0],
      "9": [0, 0],
      "10": [0, 0],
      "11": [0, 0],
      "12": [0, 0],
      "13": [0, 1],
      "14": [0, 1],
      "15": [1, 0],
      "16": [0, 0],
      "17": [0, 0],
      "18": [0, 0],
      "19": [0, 0],
      "20": [0, 0],
      "21": [0, 0],
      "22": [0, 0]
    },
    "meta": {
      "lastBranch": 23,
      "lastFunction": 15,
      "lastStatement": 114,
      "seen": {
        "f:14:9:14:20": 0,
        "s:15:19:15:47": 0,
        "s:16:23:16:41": 1,
        "b:17:2:22:Infinity:undefined:undefined:undefined:undefined": 0,
        "s:17:2:22:Infinity": 2,
        "b:18:4:18:49:19:4:19:Infinity": 1,
        "s:21:4:21:Infinity": 3,
        "s:23:2:23:Infinity": 4,
        "f:26:9:26:29": 1,
        "s:27:2:27:Infinity": 5,
        "f:30:15:30:31": 2,
        "b:31:2:31:Infinity:undefined:undefined:undefined:undefined": 2,
        "s:31:2:31:Infinity": 6,
        "s:31:34:31:Infinity": 7,
        "s:33:18:39:4": 8,
        "s:41:2:41:Infinity": 9,
        "f:44:22:44:44": 3,
        "s:45:2:68:Infinity": 10,
        "s:46:26:46:36": 11,
        "b:48:4:50:Infinity:undefined:undefined:undefined:undefined": 3,
        "s:48:4:50:Infinity": 12,
        "s:49:6:49:Infinity": 13,
        "s:52:20:52:58": 14,
        "b:53:4:53:Infinity:undefined:undefined:undefined:undefined": 4,
        "s:53:4:53:Infinity": 15,
        "s:53:18:53:Infinity": 16,
        "s:55:18:61:6": 17,
        "s:63:24:63:76": 18,
        "f:63:34:63:35": 4,
        "s:63:44:63:59": 19,
        "s:65:4:65:Infinity": 20,
        "s:67:4:67:Infinity": 21,
        "f:71:22:71:45": 5,
        "s:72:16:76:10": 22,
        "b:73:6:73:Infinity:74:6:76:10": 5,
        "b:75:8:75:Infinity:76:8:76:10": 6,
        "s:78:23:85:3": 23,
        "f:78:23:78:28": 6,
        "s:79:4:84:Infinity": 24,
        "f:80:16:80:21": 7,
        "b:81:8:81:Infinity:undefined:undefined:undefined:undefined": 7,
        "s:81:8:81:Infinity": 25,
        "s:81:23:81:Infinity": 26,
        "s:82:8:82:Infinity": 27,
        "f:82:40:82:41": 8,
        "s:88:26:88:28": 28,
        "s:89:27:89:73": 29,
        "f:89:37:89:38": 9,
        "s:89:47:89:56": 30,
        "s:91:2:159:Infinity": 31,
        "s:92:26:92:36": 32,
        "b:93:4:97:Infinity:undefined:undefined:undefined:undefined": 8,
        "s:93:4:97:Infinity": 33,
        "s:94:6:96:Infinity": 34,
        "s:99:23:99:36": 35,
        "b:100:4:100:Infinity:undefined:undefined:undefined:undefined": 9,
        "s:100:4:100:Infinity": 36,
        "s:100:21:100:Infinity": 37,
        "s:102:20:102:58": 38,
        "b:103:4:105:Infinity:undefined:undefined:undefined:undefined": 10,
        "s:103:4:105:Infinity": 39,
        "s:104:6:104:Infinity": 40,
        "s:107:4:107:Infinity": 41,
        "s:109:20:109:22": 42,
        "s:110:4:148:Infinity": 43,
        "s:111:23:111:36": 44,
        "s:112:25:124:7": 45,
        "s:126:6:132:Infinity": 46,
        "s:134:24:134:40": 47,
        "s:135:28:135:74": 48,
        "s:136:23:136:75": 49,
        "s:137:6:137:Infinity": 50,
        "s:138:24:138:62": 51,
        "s:139:6:139:Infinity": 52,
        "s:140:6:140:Infinity": 53,
        "s:142:24:142:59": 54,
        "b:143:6:143:Infinity:undefined:undefined:undefined:undefined": 11,
        "s:143:6:143:Infinity": 55,
        "s:143:26:143:Infinity": 56,
        "s:145:6:145:Infinity": 57,
        "s:146:6:146:Infinity": 58,
        "s:147:6:147:Infinity": 59,
        "s:150:4:150:Infinity": 60,
        "s:151:4:151:Infinity": 61,
        "b:153:4:155:Infinity:undefined:undefined:undefined:undefined": 12,
        "s:153:4:155:Infinity": 62,
        "s:154:6:154:Infinity": 63,
        "f:154:41:154:42": 10,
        "s:156:4:156:Infinity": 64,
        "s:157:4:157:Infinity": 65,
        "s:158:4:158:Infinity": 66,
        "f:162:22:162:43": 11,
        "s:163:2:186:Infinity": 67,
        "s:164:29:164:39": 68,
        "s:166:23:166:62": 69,
        "b:167:4:168:Infinity:undefined:undefined:undefined:undefined": 13,
        "s:167:4:168:Infinity": 70,
        "s:168:6:168:Infinity": 71,
        "s:170:24:173:6": 72,
        "b:174:4:178:Infinity:undefined:undefined:undefined:undefined": 14,
        "s:174:4:178:Infinity": 73,
        "s:175:6:177:Infinity": 74,
        "s:180:20:180:70": 75,
        "b:181:4:181:Infinity:undefined:undefined:undefined:undefined": 15,
        "s:181:4:181:Infinity": 76,
        "s:181:18:181:Infinity": 77,
        "s:183:4:183:Infinity": 78,
        "s:185:4:185:Infinity": 79,
        "f:189:22:189:40": 12,
        "s:190:2:226:Infinity": 80,
        "s:191:29:191:39": 81,
        "s:193:23:193:62": 82,
        "b:194:4:195:Infinity:undefined:undefined:undefined:undefined": 16,
        "s:194:4:195:Infinity": 83,
        "s:195:6:195:Infinity": 84,
        "s:197:24:200:6": 85,
        "b:201:4:205:Infinity:undefined:undefined:undefined:undefined": 17,
        "s:201:4:205:Infinity": 86,
        "s:202:6:204:Infinity": 87,
        "s:207:20:207:70": 88,
        "b:208:4:208:Infinity:undefined:undefined:undefined:undefined": 18,
        "s:208:4:208:Infinity": 89,
        "s:208:18:208:Infinity": 90,
        "s:210:22:210:38": 91,
        "s:211:21:211:60": 92,
        "s:214:4:217:Infinity": 93,
        "b:216:6:216:25:216:29:216:Infinity": 19,
        "s:218:4:221:Infinity": 94,
        "s:223:4:223:Infinity": 95,
        "s:225:4:225:Infinity": 96,
        "f:229:22:229:38": 13,
        "s:230:2:259:Infinity": 97,
        "s:231:29:231:39": 98,
        "s:233:23:233:62": 99,
        "b:234:4:235:Infinity:undefined:undefined:undefined:undefined": 20,
        "s:234:4:235:Infinity": 100,
        "s:235:6:235:Infinity": 101,
        "s:237:24:240:6": 102,
        "b:241:4:245:Infinity:undefined:undefined:undefined:undefined": 21,
        "s:241:4:245:Infinity": 103,
        "s:242:6:244:Infinity": 104,
        "s:247:20:247:70": 105,
        "b:248:4:248:Infinity:undefined:undefined:undefined:undefined": 22,
        "s:248:4:248:Infinity": 106,
        "s:248:18:248:Infinity": 107,
        "s:250:22:250:38": 108,
        "s:251:21:251:60": 109,
        "s:253:4:253:Infinity": 110,
        "s:254:4:254:Infinity": 111,
        "f:254:36:254:37": 14,
        "s:256:4:256:Infinity": 112,
        "s:258:4:258:Infinity": 113
      }
    }
  },
  "/Users/oceanli/Documents/Alex/NSC CS/CSB430/TaskManagement_GroupA/backend/src/controllers/issuesController.js": {
    "path": "/Users/oceanli/Documents/Alex/NSC CS/CSB430/TaskManagement_GroupA/backend/src/controllers/issuesController.js",
    "statementMap": {
      "0": {
        "start": { "line": 4, "column": 27 },
        "end": { "line": 48, "column": 1 }
      },
      "1": {
        "start": { "line": 5, "column": 2 },
        "end": { "line": 47, "column": null }
      },
      "2": {
        "start": { "line": 16, "column": 8 },
        "end": { "line": 16, "column": 16 }
      },
      "3": {
        "start": { "line": 18, "column": 18 },
        "end": { "line": 27, "column": 6 }
      },
      "4": {
        "start": { "line": 29, "column": 4 },
        "end": { "line": 35, "column": null }
      },
      "5": {
        "start": { "line": 34, "column": 6 },
        "end": { "line": 34, "column": null }
      },
      "6": {
        "start": { "line": 37, "column": 4 },
        "end": { "line": 40, "column": null }
      },
      "7": {
        "start": { "line": 42, "column": 4 },
        "end": { "line": 42, "column": null }
      },
      "8": {
        "start": { "line": 43, "column": 4 },
        "end": { "line": 46, "column": null }
      },
      "9": {
        "start": { "line": 50, "column": 28 },
        "end": { "line": 75, "column": 1 }
      },
      "10": {
        "start": { "line": 51, "column": 2 },
        "end": { "line": 74, "column": null }
      },
      "11": {
        "start": { "line": 52, "column": 19 },
        "end": { "line": 52, "column": 29 }
      },
      "12": {
        "start": { "line": 53, "column": 18 },
        "end": { "line": 61, "column": 6 }
      },
      "13": {
        "start": { "line": 62, "column": 4 },
        "end": { "line": 67, "column": null }
      },
      "14": {
        "start": { "line": 63, "column": 6 },
        "end": { "line": 66, "column": null }
      },
      "15": {
        "start": { "line": 68, "column": 4 },
        "end": { "line": 71, "column": null }
      },
      "16": {
        "start": { "line": 73, "column": 4 },
        "end": { "line": 73, "column": null }
      },
      "17": {
        "start": { "line": 77, "column": 27 },
        "end": { "line": 137, "column": 1 }
      },
      "18": {
        "start": { "line": 78, "column": 2 },
        "end": { "line": 136, "column": null }
      },
      "19": {
        "start": { "line": 79, "column": 19 },
        "end": { "line": 79, "column": 29 }
      },
      "20": {
        "start": { "line": 81, "column": 18 },
        "end": { "line": 81, "column": 42 }
      },
      "21": {
        "start": { "line": 83, "column": 4 },
        "end": { "line": 88, "column": null }
      },
      "22": {
        "start": { "line": 84, "column": 6 },
        "end": { "line": 87, "column": null }
      },
      "23": {
        "start": { "line": 90, "column": 26 },
        "end": { "line": 99, "column": 5 }
      },
      "24": {
        "start": { "line": 101, "column": 20 },
        "end": { "line": 101, "column": 22 }
      },
      "25": {
        "start": { "line": 102, "column": 4 },
        "end": { "line": 106, "column": null }
      },
      "26": {
        "start": { "line": 103, "column": 6 },
        "end": { "line": 105, "column": null }
      },
      "27": {
        "start": { "line": 104, "column": 8 },
        "end": { "line": 104, "column": null }
      },
      "28": {
        "start": { "line": 108, "column": 4 },
        "end": { "line": 108, "column": null }
      },
      "29": {
        "start": { "line": 110, "column": 4 },
        "end": { "line": 114, "column": null }
      },
      "30": {
        "start": { "line": 111, "column": 6 },
        "end": { "line": 113, "column": null }
      },
      "31": {
        "start": { "line": 112, "column": 8 },
        "end": { "line": 112, "column": null }
      },
      "32": {
        "start": { "line": 116, "column": 25 },
        "end": { "line": 124, "column": 6 }
      },
      "33": {
        "start": { "line": 126, "column": 4 },
        "end": { "line": 129, "column": null }
      },
      "34": {
        "start": { "line": 131, "column": 4 },
        "end": { "line": 131, "column": null }
      },
      "35": {
        "start": { "line": 132, "column": 4 },
        "end": { "line": 135, "column": null }
      },
      "36": {
        "start": { "line": 139, "column": 27 },
        "end": { "line": 163, "column": 1 }
      },
      "37": {
        "start": { "line": 140, "column": 2 },
        "end": { "line": 162, "column": null }
      },
      "38": {
        "start": { "line": 141, "column": 19 },
        "end": { "line": 141, "column": 29 }
      },
      "39": {
        "start": { "line": 142, "column": 18 },
        "end": { "line": 142, "column": 42 }
      },
      "40": {
        "start": { "line": 144, "column": 4 },
        "end": { "line": 149, "column": null }
      },
      "41": {
        "start": { "line": 145, "column": 6 },
        "end": { "line": 148, "column": null }
      },
      "42": {
        "start": { "line": 151, "column": 4 },
        "end": { "line": 151, "column": null }
      },
      "43": {
        "start": { "line": 153, "column": 4 },
        "end": { "line": 156, "column": null }
      },
      "44": {
        "start": { "line": 158, "column": 4 },
        "end": { "line": 161, "column": null }
      },
      "45": {
        "start": { "line": 165, "column": 28 },
        "end": { "line": 204, "column": 1 }
      },
      "46": {
        "start": { "line": 166, "column": 2 },
        "end": { "line": 203, "column": null }
      },
      "47": {
        "start": { "line": 167, "column": 59 },
        "end": { "line": 167, "column": 68 }
      },
      "48": {
        "start": { "line": 168, "column": 20 },
        "end": { "line": 168, "column": 63 }
      },
      "49": {
        "start": { "line": 170, "column": 18 },
        "end": { "line": 170, "column": 20 }
      },
      "50": {
        "start": { "line": 172, "column": 4 },
        "end": { "line": 172, "column": null }
      },
      "51": {
        "start": { "line": 172, "column": 17 },
        "end": { "line": 172, "column": null }
      },
      "52": {
        "start": { "line": 173, "column": 4 },
        "end": { "line": 173, "column": null }
      },
      "53": {
        "start": { "line": 173, "column": 14 },
        "end": { "line": 173, "column": null }
      },
      "54": {
        "start": { "line": 174, "column": 4 },
        "end": { "line": 174, "column": null }
      },
      "55": {
        "start": { "line": 174, "column": 20 },
        "end": { "line": 174, "column": null }
      },
      "56": {
        "start": { "line": 175, "column": 4 },
        "end": { "line": 175, "column": null }
      },
      "57": {
        "start": { "line": 175, "column": 18 },
        "end": { "line": 175, "column": null }
      },
      "58": {
        "start": { "line": 176, "column": 4 },
        "end": { "line": 176, "column": null }
      },
      "59": {
        "start": { "line": 176, "column": 16 },
        "end": { "line": 176, "column": null }
      },
      "60": {
        "start": { "line": 177, "column": 4 },
        "end": { "line": 182, "column": null }
      },
      "61": {
        "start": { "line": 178, "column": 6 },
        "end": { "line": 181, "column": null }
      },
      "62": {
        "start": { "line": 184, "column": 20 },
        "end": { "line": 184, "column": 22 }
      },
      "63": {
        "start": { "line": 186, "column": 4 },
        "end": { "line": 190, "column": null }
      },
      "64": {
        "start": { "line": 192, "column": 19 },
        "end": { "line": 192, "column": 58 }
      },
      "65": {
        "start": { "line": 194, "column": 4 },
        "end": { "line": 197, "column": null }
      },
      "66": {
        "start": { "line": 199, "column": 4 },
        "end": { "line": 202, "column": null }
      }
    },
    "fnMap": {
      "0": {
        "name": "(anonymous_0)",
        "decl": {
          "start": { "line": 4, "column": 27 },
          "end": { "line": 4, "column": 32 }
        },
        "loc": {
          "start": { "line": 4, "column": 47 },
          "end": { "line": 48, "column": 1 }
        },
        "line": 4
      },
      "1": {
        "name": "(anonymous_1)",
        "decl": {
          "start": { "line": 50, "column": 28 },
          "end": { "line": 50, "column": 33 }
        },
        "loc": {
          "start": { "line": 50, "column": 48 },
          "end": { "line": 75, "column": 1 }
        },
        "line": 50
      },
      "2": {
        "name": "(anonymous_2)",
        "decl": {
          "start": { "line": 77, "column": 27 },
          "end": { "line": 77, "column": 32 }
        },
        "loc": {
          "start": { "line": 77, "column": 47 },
          "end": { "line": 137, "column": 1 }
        },
        "line": 77
      },
      "3": {
        "name": "(anonymous_3)",
        "decl": {
          "start": { "line": 102, "column": 26 },
          "end": { "line": 102, "column": 27 }
        },
        "loc": {
          "start": { "line": 102, "column": 37 },
          "end": { "line": 106, "column": 5 }
        },
        "line": 102
      },
      "4": {
        "name": "(anonymous_4)",
        "decl": {
          "start": { "line": 139, "column": 27 },
          "end": { "line": 139, "column": 32 }
        },
        "loc": {
          "start": { "line": 139, "column": 47 },
          "end": { "line": 163, "column": 1 }
        },
        "line": 139
      },
      "5": {
        "name": "(anonymous_5)",
        "decl": {
          "start": { "line": 165, "column": 28 },
          "end": { "line": 165, "column": 33 }
        },
        "loc": {
          "start": { "line": 165, "column": 48 },
          "end": { "line": 204, "column": 1 }
        },
        "line": 165
      }
    },
    "branchMap": {
      "0": {
        "loc": {
          "start": { "line": 29, "column": 4 },
          "end": { "line": 35, "column": null }
        },
        "type": "if",
        "locations": [
          {
            "start": { "line": 29, "column": 4 },
            "end": { "line": 35, "column": null }
          },
          { "start": {}, "end": {} }
        ],
        "line": 29
      },
      "1": {
        "loc": {
          "start": { "line": 30, "column": 6 },
          "end": { "line": 32, "column": null }
        },
        "type": "binary-expr",
        "locations": [
          {
            "start": { "line": 30, "column": 6 },
            "end": { "line": 30, "column": 32 }
          },
          {
            "start": { "line": 31, "column": 6 },
            "end": { "line": 31, "column": 28 }
          },
          {
            "start": { "line": 32, "column": 6 },
            "end": { "line": 32, "column": null }
          }
        ],
        "line": 30
      },
      "2": {
        "loc": {
          "start": { "line": 62, "column": 4 },
          "end": { "line": 67, "column": null }
        },
        "type": "if",
        "locations": [
          {
            "start": { "line": 62, "column": 4 },
            "end": { "line": 67, "column": null }
          },
          { "start": {}, "end": {} }
        ],
        "line": 62
      },
      "3": {
        "loc": {
          "start": { "line": 83, "column": 4 },
          "end": { "line": 88, "column": null }
        },
        "type": "if",
        "locations": [
          {
            "start": { "line": 83, "column": 4 },
            "end": { "line": 88, "column": null }
          },
          { "start": {}, "end": {} }
        ],
        "line": 83
      },
      "4": {
        "loc": {
          "start": { "line": 103, "column": 6 },
          "end": { "line": 105, "column": null }
        },
        "type": "if",
        "locations": [
          {
            "start": { "line": 103, "column": 6 },
            "end": { "line": 105, "column": null }
          },
          { "start": {}, "end": {} }
        ],
        "line": 103
      },
      "5": {
        "loc": {
          "start": { "line": 110, "column": 4 },
          "end": { "line": 114, "column": null }
        },
        "type": "if",
        "locations": [
          {
            "start": { "line": 110, "column": 4 },
            "end": { "line": 114, "column": null }
          },
          { "start": {}, "end": {} }
        ],
        "line": 110
      },
      "6": {
        "loc": {
          "start": { "line": 110, "column": 8 },
          "end": { "line": 110, "column": 67 }
        },
        "type": "binary-expr",
        "locations": [
          {
            "start": { "line": 110, "column": 8 },
            "end": { "line": 110, "column": 28 }
          },
          {
            "start": { "line": 110, "column": 32 },
            "end": { "line": 110, "column": 67 }
          }
        ],
        "line": 110
      },
      "7": {
        "loc": {
          "start": { "line": 111, "column": 6 },
          "end": { "line": 113, "column": null }
        },
        "type": "if",
        "locations": [
          {
            "start": { "line": 111, "column": 6 },
            "end": { "line": 113, "column": null }
          },
          { "start": {}, "end": {} }
        ],
        "line": 111
      },
      "8": {
        "loc": {
          "start": { "line": 144, "column": 4 },
          "end": { "line": 149, "column": null }
        },
        "type": "if",
        "locations": [
          {
            "start": { "line": 144, "column": 4 },
            "end": { "line": 149, "column": null }
          },
          { "start": {}, "end": {} }
        ],
        "line": 144
      },
      "9": {
        "loc": {
          "start": { "line": 168, "column": 20 },
          "end": { "line": 168, "column": 63 }
        },
        "type": "binary-expr",
        "locations": [
          {
            "start": { "line": 168, "column": 20 },
            "end": { "line": 168, "column": 38 }
          },
          {
            "start": { "line": 168, "column": 42 },
            "end": { "line": 168, "column": 55 }
          },
          {
            "start": { "line": 168, "column": 59 },
            "end": { "line": 168, "column": 63 }
          }
        ],
        "line": 168
      },
      "10": {
        "loc": {
          "start": { "line": 172, "column": 4 },
          "end": { "line": 172, "column": null }
        },
        "type": "if",
        "locations": [
          {
            "start": { "line": 172, "column": 4 },
            "end": { "line": 172, "column": null }
          },
          { "start": {}, "end": {} }
        ],
        "line": 172
      },
      "11": {
        "loc": {
          "start": { "line": 173, "column": 4 },
          "end": { "line": 173, "column": null }
        },
        "type": "if",
        "locations": [
          {
            "start": { "line": 173, "column": 4 },
            "end": { "line": 173, "column": null }
          },
          { "start": {}, "end": {} }
        ],
        "line": 173
      },
      "12": {
        "loc": {
          "start": { "line": 174, "column": 4 },
          "end": { "line": 174, "column": null }
        },
        "type": "if",
        "locations": [
          {
            "start": { "line": 174, "column": 4 },
            "end": { "line": 174, "column": null }
          },
          { "start": {}, "end": {} }
        ],
        "line": 174
      },
      "13": {
        "loc": {
          "start": { "line": 175, "column": 4 },
          "end": { "line": 175, "column": null }
        },
        "type": "if",
        "locations": [
          {
            "start": { "line": 175, "column": 4 },
            "end": { "line": 175, "column": null }
          },
          { "start": {}, "end": {} }
        ],
        "line": 175
      },
      "14": {
        "loc": {
          "start": { "line": 176, "column": 4 },
          "end": { "line": 176, "column": null }
        },
        "type": "if",
        "locations": [
          {
            "start": { "line": 176, "column": 4 },
            "end": { "line": 176, "column": null }
          },
          { "start": {}, "end": {} }
        ],
        "line": 176
      },
      "15": {
        "loc": {
          "start": { "line": 177, "column": 4 },
          "end": { "line": 182, "column": null }
        },
        "type": "if",
        "locations": [
          {
            "start": { "line": 177, "column": 4 },
            "end": { "line": 182, "column": null }
          },
          { "start": {}, "end": {} }
        ],
        "line": 177
      }
    },
    "s": {
      "0": 1,
      "1": 3,
      "2": 3,
      "3": 3,
      "4": 2,
      "5": 1,
      "6": 2,
      "7": 1,
      "8": 1,
      "9": 1,
      "10": 3,
      "11": 3,
      "12": 3,
      "13": 2,
      "14": 1,
      "15": 1,
      "16": 1,
      "17": 1,
      "18": 3,
      "19": 3,
      "20": 3,
      "21": 2,
      "22": 1,
      "23": 1,
      "24": 1,
      "25": 1,
      "26": 8,
      "27": 1,
      "28": 1,
      "29": 1,
      "30": 0,
      "31": 0,
      "32": 1,
      "33": 1,
      "34": 1,
      "35": 1,
      "36": 1,
      "37": 3,
      "38": 3,
      "39": 3,
      "40": 2,
      "41": 1,
      "42": 1,
      "43": 1,
      "44": 1,
      "45": 1,
      "46": 4,
      "47": 4,
      "48": 4,
      "49": 4,
      "50": 4,
      "51": 1,
      "52": 4,
      "53": 1,
      "54": 4,
      "55": 1,
      "56": 4,
      "57": 1,
      "58": 4,
      "59": 1,
      "60": 4,
      "61": 1,
      "62": 4,
      "63": 4,
      "64": 4,
      "65": 3,
      "66": 1
    },
    "f": { "0": 3, "1": 3, "2": 3, "3": 8, "4": 3, "5": 4 },
    "b": {
      "0": [1, 1],
      "1": [2, 2, 1],
      "2": [1, 1],
      "3": [1, 1],
      "4": [1, 7],
      "5": [0, 1],
      "6": [1, 0],
      "7": [0, 0],
      "8": [1, 1],
      "9": [4, 3, 3],
      "10": [1, 3],
      "11": [1, 3],
      "12": [1, 3],
      "13": [1, 3],
      "14": [1, 3],
      "15": [1, 3]
    },
    "meta": {
      "lastBranch": 16,
      "lastFunction": 6,
      "lastStatement": 67,
      "seen": {
        "s:4:27:48:1": 0,
        "f:4:27:4:32": 0,
        "s:5:2:47:Infinity": 1,
        "s:16:8:16:16": 2,
        "s:18:18:27:6": 3,
        "b:29:4:35:Infinity:undefined:undefined:undefined:undefined": 0,
        "s:29:4:35:Infinity": 4,
        "b:30:6:30:32:31:6:31:28:32:6:32:Infinity": 1,
        "s:34:6:34:Infinity": 5,
        "s:37:4:40:Infinity": 6,
        "s:42:4:42:Infinity": 7,
        "s:43:4:46:Infinity": 8,
        "s:50:28:75:1": 9,
        "f:50:28:50:33": 1,
        "s:51:2:74:Infinity": 10,
        "s:52:19:52:29": 11,
        "s:53:18:61:6": 12,
        "b:62:4:67:Infinity:undefined:undefined:undefined:undefined": 2,
        "s:62:4:67:Infinity": 13,
        "s:63:6:66:Infinity": 14,
        "s:68:4:71:Infinity": 15,
        "s:73:4:73:Infinity": 16,
        "s:77:27:137:1": 17,
        "f:77:27:77:32": 2,
        "s:78:2:136:Infinity": 18,
        "s:79:19:79:29": 19,
        "s:81:18:81:42": 20,
        "b:83:4:88:Infinity:undefined:undefined:undefined:undefined": 3,
        "s:83:4:88:Infinity": 21,
        "s:84:6:87:Infinity": 22,
        "s:90:26:99:5": 23,
        "s:101:20:101:22": 24,
        "s:102:4:106:Infinity": 25,
        "f:102:26:102:27": 3,
        "b:103:6:105:Infinity:undefined:undefined:undefined:undefined": 4,
        "s:103:6:105:Infinity": 26,
        "s:104:8:104:Infinity": 27,
        "s:108:4:108:Infinity": 28,
        "b:110:4:114:Infinity:undefined:undefined:undefined:undefined": 5,
        "s:110:4:114:Infinity": 29,
        "b:110:8:110:28:110:32:110:67": 6,
        "b:111:6:113:Infinity:undefined:undefined:undefined:undefined": 7,
        "s:111:6:113:Infinity": 30,
        "s:112:8:112:Infinity": 31,
        "s:116:25:124:6": 32,
        "s:126:4:129:Infinity": 33,
        "s:131:4:131:Infinity": 34,
        "s:132:4:135:Infinity": 35,
        "s:139:27:163:1": 36,
        "f:139:27:139:32": 4,
        "s:140:2:162:Infinity": 37,
        "s:141:19:141:29": 38,
        "s:142:18:142:42": 39,
        "b:144:4:149:Infinity:undefined:undefined:undefined:undefined": 8,
        "s:144:4:149:Infinity": 40,
        "s:145:6:148:Infinity": 41,
        "s:151:4:151:Infinity": 42,
        "s:153:4:156:Infinity": 43,
        "s:158:4:161:Infinity": 44,
        "s:165:28:204:1": 45,
        "f:165:28:165:33": 5,
        "s:166:2:203:Infinity": 46,
        "s:167:59:167:68": 47,
        "s:168:20:168:63": 48,
        "b:168:20:168:38:168:42:168:55:168:59:168:63": 9,
        "s:170:18:170:20": 49,
        "b:172:4:172:Infinity:undefined:undefined:undefined:undefined": 10,
        "s:172:4:172:Infinity": 50,
        "s:172:17:172:Infinity": 51,
        "b:173:4:173:Infinity:undefined:undefined:undefined:undefined": 11,
        "s:173:4:173:Infinity": 52,
        "s:173:14:173:Infinity": 53,
        "b:174:4:174:Infinity:undefined:undefined:undefined:undefined": 12,
        "s:174:4:174:Infinity": 54,
        "s:174:20:174:Infinity": 55,
        "b:175:4:175:Infinity:undefined:undefined:undefined:undefined": 13,
        "s:175:4:175:Infinity": 56,
        "s:175:18:175:Infinity": 57,
        "b:176:4:176:Infinity:undefined:undefined:undefined:undefined": 14,
        "s:176:4:176:Infinity": 58,
        "s:176:16:176:Infinity": 59,
        "b:177:4:182:Infinity:undefined:undefined:undefined:undefined": 15,
        "s:177:4:182:Infinity": 60,
        "s:178:6:181:Infinity": 61,
        "s:184:20:184:22": 62,
        "s:186:4:190:Infinity": 63,
        "s:192:19:192:58": 64,
        "s:194:4:197:Infinity": 65,
        "s:199:4:202:Infinity": 66
      }
    }
  },
  "/Users/oceanli/Documents/Alex/NSC CS/CSB430/TaskManagement_GroupA/backend/src/controllers/projectController.js": {
    "path": "/Users/oceanli/Documents/Alex/NSC CS/CSB430/TaskManagement_GroupA/backend/src/controllers/projectController.js",
    "statementMap": {
      "0": {
        "start": { "line": 10, "column": 29 },
        "end": { "line": 70, "column": 1 }
      },
      "1": {
        "start": { "line": 11, "column": 2 },
        "end": { "line": 69, "column": null }
      },
      "2": {
        "start": { "line": 12, "column": 4 },
        "end": { "line": 14, "column": null }
      },
      "3": {
        "start": { "line": 13, "column": 6 },
        "end": { "line": 13, "column": null }
      },
      "4": {
        "start": { "line": 16, "column": 57 },
        "end": { "line": 16, "column": 65 }
      },
      "5": {
        "start": { "line": 18, "column": 4 },
        "end": { "line": 20, "column": null }
      },
      "6": {
        "start": { "line": 19, "column": 6 },
        "end": { "line": 19, "column": null }
      },
      "7": {
        "start": { "line": 21, "column": 4 },
        "end": { "line": 23, "column": null }
      },
      "8": {
        "start": { "line": 22, "column": 6 },
        "end": { "line": 22, "column": null }
      },
      "9": {
        "start": { "line": 25, "column": 26 },
        "end": { "line": 25, "column": 50 }
      },
      "10": {
        "start": { "line": 28, "column": 4 },
        "end": { "line": 33, "column": null }
      },
      "11": {
        "start": { "line": 29, "column": 6 },
        "end": { "line": 32, "column": null }
      },
      "12": {
        "start": { "line": 37, "column": 21 },
        "end": { "line": 39, "column": 6 }
      },
      "13": {
        "start": { "line": 40, "column": 4 },
        "end": { "line": 44, "column": null }
      },
      "14": {
        "start": { "line": 41, "column": 6 },
        "end": { "line": 43, "column": null }
      },
      "15": {
        "start": { "line": 46, "column": 20 },
        "end": { "line": 53, "column": 6 }
      },
      "16": {
        "start": { "line": 55, "column": 20 },
        "end": { "line": 64, "column": 6 }
      },
      "17": {
        "start": { "line": 66, "column": 4 },
        "end": { "line": 66, "column": null }
      },
      "18": {
        "start": { "line": 68, "column": 4 },
        "end": { "line": 68, "column": null }
      },
      "19": {
        "start": { "line": 73, "column": 27 },
        "end": { "line": 113, "column": 1 }
      },
      "20": {
        "start": { "line": 74, "column": 2 },
        "end": { "line": 112, "column": null }
      },
      "21": {
        "start": { "line": 75, "column": 17 },
        "end": { "line": 75, "column": 59 }
      },
      "22": {
        "start": { "line": 76, "column": 18 },
        "end": { "line": 76, "column": 62 }
      },
      "23": {
        "start": { "line": 77, "column": 19 },
        "end": { "line": 77, "column": 37 }
      },
      "24": {
        "start": { "line": 79, "column": 18 },
        "end": { "line": 79, "column": 20 }
      },
      "25": {
        "start": { "line": 80, "column": 4 },
        "end": { "line": 82, "column": null }
      },
      "26": {
        "start": { "line": 81, "column": 6 },
        "end": { "line": 81, "column": null }
      },
      "27": {
        "start": { "line": 83, "column": 4 },
        "end": { "line": 85, "column": null }
      },
      "28": {
        "start": { "line": 84, "column": 6 },
        "end": { "line": 84, "column": null }
      },
      "29": {
        "start": { "line": 86, "column": 4 },
        "end": { "line": 88, "column": null }
      },
      "30": {
        "start": { "line": 87, "column": 6 },
        "end": { "line": 87, "column": null }
      },
      "31": {
        "start": { "line": 90, "column": 28 },
        "end": { "line": 102, "column": 6 }
      },
      "32": {
        "start": { "line": 104, "column": 4 },
        "end": { "line": 109, "column": null }
      },
      "33": {
        "start": { "line": 111, "column": 4 },
        "end": { "line": 111, "column": null }
      },
      "34": {
        "start": { "line": 116, "column": 30 },
        "end": { "line": 144, "column": 1 }
      },
      "35": {
        "start": { "line": 117, "column": 2 },
        "end": { "line": 143, "column": null }
      },
      "36": {
        "start": { "line": 118, "column": 4 },
        "end": { "line": 119, "column": null }
      },
      "37": {
        "start": { "line": 119, "column": 6 },
        "end": { "line": 119, "column": null }
      },
      "38": {
        "start": { "line": 121, "column": 18 },
        "end": { "line": 121, "column": 39 }
      },
      "39": {
        "start": { "line": 122, "column": 4 },
        "end": { "line": 124, "column": null }
      },
      "40": {
        "start": { "line": 123, "column": 6 },
        "end": { "line": 123, "column": null }
      },
      "41": {
        "start": { "line": 125, "column": 20 },
        "end": { "line": 134, "column": 6 }
      },
      "42": {
        "start": { "line": 136, "column": 4 },
        "end": { "line": 138, "column": null }
      },
      "43": {
        "start": { "line": 137, "column": 6 },
        "end": { "line": 137, "column": null }
      },
      "44": {
        "start": { "line": 140, "column": 4 },
        "end": { "line": 140, "column": null }
      },
      "45": {
        "start": { "line": 142, "column": 4 },
        "end": { "line": 142, "column": null }
      },
      "46": {
        "start": { "line": 147, "column": 32 },
        "end": { "line": 161, "column": 1 }
      },
      "47": {
        "start": { "line": 148, "column": 2 },
        "end": { "line": 160, "column": null }
      },
      "48": {
        "start": { "line": 149, "column": 18 },
        "end": { "line": 149, "column": 39 }
      },
      "49": {
        "start": { "line": 150, "column": 4 },
        "end": { "line": 150, "column": null }
      },
      "50": {
        "start": { "line": 150, "column": 28 },
        "end": { "line": 150, "column": null }
      },
      "51": {
        "start": { "line": 151, "column": 20 },
        "end": { "line": 153, "column": 6 }
      },
      "52": {
        "start": { "line": 154, "column": 4 },
        "end": { "line": 154, "column": null }
      },
      "53": {
        "start": { "line": 154, "column": 18 },
        "end": { "line": 154, "column": null }
      },
      "54": {
        "start": { "line": 156, "column": 19 },
        "end": { "line": 156, "column": 79 }
      },
      "55": {
        "start": { "line": 157, "column": 4 },
        "end": { "line": 157, "column": null }
      },
      "56": {
        "start": { "line": 159, "column": 4 },
        "end": { "line": 159, "column": null }
      },
      "57": {
        "start": { "line": 164, "column": 29 },
        "end": { "line": 216, "column": 1 }
      },
      "58": {
        "start": { "line": 165, "column": 2 },
        "end": { "line": 215, "column": null }
      },
      "59": {
        "start": { "line": 166, "column": 18 },
        "end": { "line": 166, "column": 39 }
      },
      "60": {
        "start": { "line": 167, "column": 4 },
        "end": { "line": 167, "column": null }
      },
      "61": {
        "start": { "line": 167, "column": 28 },
        "end": { "line": 167, "column": null }
      },
      "62": {
        "start": { "line": 168, "column": 20 },
        "end": { "line": 170, "column": 6 }
      },
      "63": {
        "start": { "line": 172, "column": 4 },
        "end": { "line": 174, "column": null }
      },
      "64": {
        "start": { "line": 173, "column": 6 },
        "end": { "line": 173, "column": null }
      },
      "65": {
        "start": { "line": 176, "column": 57 },
        "end": { "line": 176, "column": 65 }
      },
      "66": {
        "start": { "line": 178, "column": 4 },
        "end": { "line": 193, "column": null }
      },
      "67": {
        "start": { "line": 179, "column": 28 },
        "end": { "line": 179, "column": 52 }
      },
      "68": {
        "start": { "line": 180, "column": 6 },
        "end": { "line": 185, "column": null }
      },
      "69": {
        "start": { "line": 181, "column": 8 },
        "end": { "line": 184, "column": null }
      },
      "70": {
        "start": { "line": 186, "column": 23 },
        "end": { "line": 186, "column": 79 }
      },
      "71": {
        "start": { "line": 187, "column": 6 },
        "end": { "line": 191, "column": null }
      },
      "72": {
        "start": { "line": 188, "column": 8 },
        "end": { "line": 190, "column": null }
      },
      "73": {
        "start": { "line": 192, "column": 6 },
        "end": { "line": 192, "column": null }
      },
      "74": {
        "start": { "line": 195, "column": 4 },
        "end": { "line": 201, "column": null }
      },
      "75": {
        "start": { "line": 202, "column": 4 },
        "end": { "line": 210, "column": null }
      },
      "76": {
        "start": { "line": 212, "column": 4 },
        "end": { "line": 212, "column": null }
      },
      "77": {
        "start": { "line": 214, "column": 4 },
        "end": { "line": 214, "column": null }
      }
    },
    "fnMap": {
      "0": {
        "name": "(anonymous_0)",
        "decl": {
          "start": { "line": 10, "column": 29 },
          "end": { "line": 10, "column": 34 }
        },
        "loc": {
          "start": { "line": 10, "column": 55 },
          "end": { "line": 70, "column": 1 }
        },
        "line": 10
      },
      "1": {
        "name": "(anonymous_1)",
        "decl": {
          "start": { "line": 73, "column": 27 },
          "end": { "line": 73, "column": 32 }
        },
        "loc": {
          "start": { "line": 73, "column": 53 },
          "end": { "line": 113, "column": 1 }
        },
        "line": 73
      },
      "2": {
        "name": "(anonymous_2)",
        "decl": {
          "start": { "line": 116, "column": 30 },
          "end": { "line": 116, "column": 35 }
        },
        "loc": {
          "start": { "line": 116, "column": 56 },
          "end": { "line": 144, "column": 1 }
        },
        "line": 116
      },
      "3": {
        "name": "(anonymous_3)",
        "decl": {
          "start": { "line": 147, "column": 32 },
          "end": { "line": 147, "column": 37 }
        },
        "loc": {
          "start": { "line": 147, "column": 58 },
          "end": { "line": 161, "column": 1 }
        },
        "line": 147
      },
      "4": {
        "name": "(anonymous_4)",
        "decl": {
          "start": { "line": 164, "column": 29 },
          "end": { "line": 164, "column": 34 }
        },
        "loc": {
          "start": { "line": 164, "column": 55 },
          "end": { "line": 216, "column": 1 }
        },
        "line": 164
      }
    },
    "branchMap": {
      "0": {
        "loc": {
          "start": { "line": 12, "column": 4 },
          "end": { "line": 14, "column": null }
        },
        "type": "if",
        "locations": [
          {
            "start": { "line": 12, "column": 4 },
            "end": { "line": 14, "column": null }
          },
          { "start": {}, "end": {} }
        ],
        "line": 12
      },
      "1": {
        "loc": {
          "start": { "line": 18, "column": 4 },
          "end": { "line": 20, "column": null }
        },
        "type": "if",
        "locations": [
          {
            "start": { "line": 18, "column": 4 },
            "end": { "line": 20, "column": null }
          },
          { "start": {}, "end": {} }
        ],
        "line": 18
      },
      "2": {
        "loc": {
          "start": { "line": 21, "column": 4 },
          "end": { "line": 23, "column": null }
        },
        "type": "if",
        "locations": [
          {
            "start": { "line": 21, "column": 4 },
            "end": { "line": 23, "column": null }
          },
          { "start": {}, "end": {} }
        ],
        "line": 21
      },
      "3": {
        "loc": {
          "start": { "line": 28, "column": 4 },
          "end": { "line": 33, "column": null }
        },
        "type": "if",
        "locations": [
          {
            "start": { "line": 28, "column": 4 },
            "end": { "line": 33, "column": null }
          },
          { "start": {}, "end": {} }
        ],
        "line": 28
      },
      "4": {
        "loc": {
          "start": { "line": 40, "column": 4 },
          "end": { "line": 44, "column": null }
        },
        "type": "if",
        "locations": [
          {
            "start": { "line": 40, "column": 4 },
            "end": { "line": 44, "column": null }
          },
          { "start": {}, "end": {} }
        ],
        "line": 40
      },
      "5": {
        "loc": {
          "start": { "line": 50, "column": 16 },
          "end": { "line": 50, "column": 32 }
        },
        "type": "binary-expr",
        "locations": [
          {
            "start": { "line": 50, "column": 16 },
            "end": { "line": 50, "column": 24 }
          },
          {
            "start": { "line": 50, "column": 28 },
            "end": { "line": 50, "column": 32 }
          }
        ],
        "line": 50
      },
      "6": {
        "loc": {
          "start": { "line": 51, "column": 14 },
          "end": { "line": 51, "column": 32 }
        },
        "type": "binary-expr",
        "locations": [
          {
            "start": { "line": 51, "column": 14 },
            "end": { "line": 51, "column": 20 }
          },
          {
            "start": { "line": 51, "column": 24 },
            "end": { "line": 51, "column": 32 }
          }
        ],
        "line": 51
      },
      "7": {
        "loc": {
          "start": { "line": 75, "column": 29 },
          "end": { "line": 75, "column": 58 }
        },
        "type": "binary-expr",
        "locations": [
          {
            "start": { "line": 75, "column": 29 },
            "end": { "line": 75, "column": 53 }
          },
          {
            "start": { "line": 75, "column": 57 },
            "end": { "line": 75, "column": 58 }
          }
        ],
        "line": 75
      },
      "8": {
        "loc": {
          "start": { "line": 76, "column": 30 },
          "end": { "line": 76, "column": 61 }
        },
        "type": "binary-expr",
        "locations": [
          {
            "start": { "line": 76, "column": 30 },
            "end": { "line": 76, "column": 55 }
          },
          {
            "start": { "line": 76, "column": 59 },
            "end": { "line": 76, "column": 61 }
          }
        ],
        "line": 76
      },
      "9": {
        "loc": {
          "start": { "line": 80, "column": 4 },
          "end": { "line": 82, "column": null }
        },
        "type": "if",
        "locations": [
          {
            "start": { "line": 80, "column": 4 },
            "end": { "line": 82, "column": null }
          },
          { "start": {}, "end": {} }
        ],
        "line": 80
      },
      "10": {
        "loc": {
          "start": { "line": 83, "column": 4 },
          "end": { "line": 85, "column": null }
        },
        "type": "if",
        "locations": [
          {
            "start": { "line": 83, "column": 4 },
            "end": { "line": 85, "column": null }
          },
          { "start": {}, "end": {} }
        ],
        "line": 83
      },
      "11": {
        "loc": {
          "start": { "line": 86, "column": 4 },
          "end": { "line": 88, "column": null }
        },
        "type": "if",
        "locations": [
          {
            "start": { "line": 86, "column": 4 },
            "end": { "line": 88, "column": null }
          },
          { "start": {}, "end": {} }
        ],
        "line": 86
      },
      "12": {
        "loc": {
          "start": { "line": 118, "column": 4 },
          "end": { "line": 119, "column": null }
        },
        "type": "if",
        "locations": [
          {
            "start": { "line": 118, "column": 4 },
            "end": { "line": 119, "column": null }
          },
          { "start": {}, "end": {} }
        ],
        "line": 118
      },
      "13": {
        "loc": {
          "start": { "line": 122, "column": 4 },
          "end": { "line": 124, "column": null }
        },
        "type": "if",
        "locations": [
          {
            "start": { "line": 122, "column": 4 },
            "end": { "line": 124, "column": null }
          },
          { "start": {}, "end": {} }
        ],
        "line": 122
      },
      "14": {
        "loc": {
          "start": { "line": 136, "column": 4 },
          "end": { "line": 138, "column": null }
        },
        "type": "if",
        "locations": [
          {
            "start": { "line": 136, "column": 4 },
            "end": { "line": 138, "column": null }
          },
          { "start": {}, "end": {} }
        ],
        "line": 136
      },
      "15": {
        "loc": {
          "start": { "line": 150, "column": 4 },
          "end": { "line": 150, "column": null }
        },
        "type": "if",
        "locations": [
          {
            "start": { "line": 150, "column": 4 },
            "end": { "line": 150, "column": null }
          },
          { "start": {}, "end": {} }
        ],
        "line": 150
      },
      "16": {
        "loc": {
          "start": { "line": 154, "column": 4 },
[...]
        "s:158:6:158:Infinity": 97,
        "s:158:32:158:Infinity": 98,
        "s:159:6:159:Infinity": 99,
        "s:160:6:160:Infinity": 100,
        "s:162:6:162:Infinity": 101,
        "s:164:6:164:Infinity": 102,
        "s:168:25:181:Infinity": 103,
        "f:168:25:168:32": 16,
        "s:169:4:169:Infinity": 104,
        "s:170:4:181:Infinity": 105,
        "s:171:19:171:67": 106,
        "s:172:19:172:44": 107,
        "s:173:19:173:46": 108,
        "s:174:6:174:Infinity": 109,
        "s:175:6:175:Infinity": 110,
        "b:175:22:175:63:175:67:175:Infinity": 30,
        "s:176:6:176:Infinity": 111,
        "s:177:6:177:Infinity": 112,
        "s:178:6:178:Infinity": 113,
        "s:179:6:179:Infinity": 114,
        "s:181:6:181:Infinity": 115,
        "s:185:8:193:Infinity": 116,
        "f:185:8:185:29": 17,
        "s:186:4:186:Infinity": 117,
        "s:187:4:187:Infinity": 118,
        "s:188:4:188:Infinity": 119,
        "s:189:4:189:Infinity": 120,
        "s:190:4:190:Infinity": 121,
        "b:191:4:193:Infinity:undefined:undefined:undefined:undefined": 31,
        "s:191:4:193:Infinity": 122,
        "s:192:6:192:Infinity": 123,
        "s:193:6:193:Infinity": 124,
        "s:197:22:224:Infinity": 125,
        "f:197:22:197:29": 18,
        "s:198:4:198:Infinity": 126,
        "s:199:4:199:Infinity": 127,
        "s:201:34:201:60": 128,
        "s:202:4:202:Infinity": 129,
        "b:204:4:205:Infinity:undefined:undefined:undefined:undefined": 32,
        "s:204:4:205:Infinity": 130,
        "s:205:6:205:Infinity": 131,
        "s:208:4:208:Infinity": 132,
        "s:209:4:224:Infinity": 133,
        "s:210:19:210:67": 134,
        "b:212:6:214:Infinity:undefined:undefined:undefined:undefined": 33,
        "s:212:6:214:Infinity": 135,
        "s:213:8:213:Infinity": 136,
        "s:214:8:214:Infinity": 137,
        "s:217:24:217:49": 138,
        "s:218:6:218:Infinity": 139,
        "s:219:6:219:Infinity": 140,
        "s:221:6:221:Infinity": 141,
        "s:222:6:222:Infinity": 142,
        "s:224:6:224:Infinity": 143,
        "s:228:8:229:Infinity": 144,
        "f:228:8:228:21": 19,
        "s:229:4:229:Infinity": 145,
        "s:232:24:245:Infinity": 146,
        "f:232:24:232:36": 20,
        "b:233:4:233:Infinity:undefined:undefined:undefined:undefined": 34,
        "s:233:4:233:Infinity": 147,
        "s:233:23:233:Infinity": 148,
        "s:235:4:235:Infinity": 149,
        "s:236:4:236:Infinity": 150,
        "s:237:4:245:Infinity": 151,
        "s:238:6:238:Infinity": 152,
        "s:239:6:239:Infinity": 153,
        "f:239:6:239:22": 21,
        "s:239:31:239:75": 154,
        "f:239:36:239:44": 22,
        "s:239:50:239:75": 155,
        "s:240:6:240:Infinity": 156,
        "s:242:6:242:Infinity": 157,
        "s:244:6:244:Infinity": 158,
        "s:245:6:245:Infinity": 159,
        "b:249:2:250:Infinity:undefined:undefined:undefined:undefined": 35,
        "s:249:2:250:Infinity": 160,
        "s:250:4:250:Infinity": 161,
        "s:253:2:483:Infinity": 162,
        "b:258:9:258:18:258:18:258:Infinity": 36,
        "b:259:9:259:20:259:20:259:Infinity": 37,
        "b:267:12:271:26:271:14:337:Infinity": 38,
        "b:272:12:276:13:276:12:337:Infinity": 39,
        "f:277:27:277:32": 23,
        "s:278:16:333:Infinity": 163,
        "f:285:24:285:39": 24,
        "s:285:39:285:62": 164,
        "f:292:24:292:39": 25,
        "s:292:39:292:65": 165,
        "f:300:24:300:39": 26,
        "s:300:39:300:60": 166,
        "b:355:24:355:38:355:38:355:Infinity": 40,
        "b:372:27:372:44:372:44:372:Infinity": 41,
        "b:375:13:375:Infinity:376:14:378:Infinity": 42,
        "b:382:11:382:Infinity:383:12:389:Infinity": 43,
        "f:384:29:384:34": 27,
        "s:385:16:387:Infinity": 167,
        "f:396:8:396:23": 28,
        "s:396:23:396:44": 168,
        "f:406:18:406:33": 29,
        "s:406:33:406:54": 169,
        "b:424:11:424:56:425:12:425:Infinity": 44,
        "b:429:12:432:30:432:14:480:Infinity": 45,
        "b:433:12:439:30:439:14:480:Infinity": 46,
        "b:432:14:432:41:432:41:432:Infinity": 47,
        "b:436:19:436:64:436:68:436:Infinity": 48,
        "b:440:12:448:30:448:14:480:Infinity": 49,
        "b:439:14:439:39:439:39:439:Infinity": 50,
        "b:444:16:444:61:444:65:444:Infinity": 51,
        "b:449:12:455:30:455:14:480:Infinity": 52,
        "b:448:14:448:41:448:41:448:Infinity": 53,
        "b:456:12:474:13:474:12:480:Infinity": 54
      }
    }
  },
  "/Users/oceanli/Documents/Alex/NSC CS/CSB430/TaskManagement_GroupA/frontend/src/pages/Unauthorized.jsx": {
    "path": "/Users/oceanli/Documents/Alex/NSC CS/CSB430/TaskManagement_GroupA/frontend/src/pages/Unauthorized.jsx",
    "statementMap": {
      "0": {
        "start": { "line": 8, "column": 2 },
        "end": { "line": 97, "column": null }
      },
      "1": {
        "start": { "line": 79, "column": 31 },
        "end": { "line": 79, "column": 47 }
      }
    },
    "fnMap": {
      "0": {
        "name": "Unauthorized",
        "decl": {
          "start": { "line": 7, "column": 24 },
          "end": { "line": 7, "column": 37 }
        },
        "loc": {
          "start": { "line": 7, "column": 47 },
          "end": { "line": 97, "column": null }
        },
        "line": 7
      },
      "1": {
        "name": "(anonymous_1)",
        "decl": {
          "start": { "line": 79, "column": 16 },
          "end": { "line": 79, "column": 31 }
        },
        "loc": {
          "start": { "line": 79, "column": 31 },
          "end": { "line": 79, "column": 47 }
        },
        "line": 79
      }
    },
    "branchMap": {
      "0": {
        "loc": {
          "start": { "line": 50, "column": 11 },
          "end": { "line": 93, "column": null }
        },
        "type": "cond-expr",
        "locations": [
          {
            "start": { "line": 51, "column": 12 },
            "end": { "line": 62, "column": null }
          },
          {
            "start": { "line": 64, "column": 12 },
            "end": { "line": 93, "column": null }
          }
        ],
        "line": 50
      }
    },
    "s": { "0": 1, "1": 0 },
    "f": { "0": 1, "1": 0 },
    "b": { "0": [0, 1] },
    "meta": {
      "lastBranch": 1,
      "lastFunction": 2,
      "lastStatement": 2,
      "seen": {
        "f:7:24:7:37": 0,
        "s:8:2:97:Infinity": 0,
        "b:51:12:62:Infinity:64:12:93:Infinity": 0,
        "f:79:16:79:31": 1,
        "s:79:31:79:47": 1
      }
    }
  },
  "/Users/oceanli/Documents/Alex/NSC CS/CSB430/TaskManagement_GroupA/frontend/src/utils/dateTime.js": {
    "path": "/Users/oceanli/Documents/Alex/NSC CS/CSB430/TaskManagement_GroupA/frontend/src/utils/dateTime.js",
    "statementMap": {
      "0": {
        "start": { "line": 5, "column": 0 },
        "end": { "line": 5, "column": null }
      },
      "1": {
        "start": { "line": 6, "column": 0 },
        "end": { "line": 6, "column": null }
      },
      "2": {
        "start": { "line": 9, "column": 2 },
        "end": { "line": 9, "column": null }
      },
      "3": {
        "start": { "line": 9, "column": 12 },
        "end": { "line": 9, "column": null }
      },
      "4": {
        "start": { "line": 10, "column": 12 },
        "end": { "line": 10, "column": 26 }
      },
      "5": {
        "start": { "line": 11, "column": 2 },
        "end": { "line": 11, "column": null }
      },
      "6": {
        "start": { "line": 33, "column": 2 },
        "end": { "line": 33, "column": null }
      },
      "7": {
        "start": { "line": 52, "column": 2 },
        "end": { "line": 52, "column": null }
      },
      "8": {
        "start": { "line": 74, "column": 2 },
        "end": { "line": 74, "column": null }
      },
      "9": {
        "start": { "line": 74, "column": 19 },
        "end": { "line": 74, "column": null }
      },
      "10": {
        "start": { "line": 75, "column": 11 },
        "end": { "line": 75, "column": 29 }
      },
      "11": {
        "start": { "line": 76, "column": 2 },
        "end": { "line": 76, "column": null }
      },
      "12": {
        "start": { "line": 76, "column": 20 },
        "end": { "line": 76, "column": null }
      },
      "13": {
        "start": { "line": 77, "column": 2 },
        "end": { "line": 77, "column": null }
      },
      "14": {
        "start": { "line": 101, "column": 2 },
        "end": { "line": 101, "column": null }
      },
      "15": {
        "start": { "line": 101, "column": 12 },
        "end": { "line": 101, "column": null }
      },
      "16": {
        "start": { "line": 102, "column": 12 },
        "end": { "line": 102, "column": 26 }
      },
      "17": {
        "start": { "line": 103, "column": 2 },
        "end": { "line": 103, "column": null }
      },
      "18": {
        "start": { "line": 103, "column": 20 },
        "end": { "line": 103, "column": null }
      },
      "19": {
        "start": { "line": 106, "column": 2 },
        "end": { "line": 106, "column": null }
      },
      "20": {
        "start": { "line": 106, "column": 12 },
        "end": { "line": 106, "column": null }
      },
      "21": {
        "start": { "line": 108, "column": 14 },
        "end": { "line": 108, "column": 28 }
      },
      "22": {
        "start": { "line": 109, "column": 2 },
        "end": { "line": 109, "column": null }
      },
      "23": {
        "start": { "line": 109, "column": 22 },
        "end": { "line": 109, "column": null }
      },
      "24": {
        "start": { "line": 112, "column": 2 },
        "end": { "line": 112, "column": null }
      }
    },
    "fnMap": {
      "0": {
        "name": "formatBase",
        "decl": {
          "start": { "line": 8, "column": 9 },
          "end": { "line": 8, "column": 19 }
        },
        "loc": {
          "start": { "line": 8, "column": 43 },
          "end": { "line": 12, "column": null }
        },
        "line": 8
      },
      "1": {
        "name": "formatDateTime",
        "decl": {
          "start": { "line": 29, "column": 16 },
          "end": { "line": 29, "column": 30 }
        },
        "loc": {
          "start": { "line": 32, "column": 2 },
          "end": { "line": 34, "column": null }
        },
        "line": 32
      },
      "2": {
        "name": "formatDueDate",
        "decl": {
          "start": { "line": 48, "column": 16 },
          "end": { "line": 48, "column": 29 }
        },
        "loc": {
          "start": { "line": 51, "column": 2 },
          "end": { "line": 53, "column": null }
        },
        "line": 51
      },
      "3": {
        "name": "datePickerValueToDueAtUtcIso",
        "decl": {
          "start": { "line": 73, "column": 16 },
          "end": { "line": 73, "column": 44 }
        },
        "loc": {
          "start": { "line": 73, "column": 57 },
          "end": { "line": 78, "column": null }
        },
        "line": 73
      },
      "4": {
        "name": "getRelativeDueTime",
        "decl": {
          "start": { "line": 100, "column": 16 },
          "end": { "line": 100, "column": 34 }
        },
        "loc": {
          "start": { "line": 100, "column": 73 },
          "end": { "line": 113, "column": null }
        },
        "line": 100
      }
    },
    "branchMap": {
      "0": {
        "loc": {
          "start": { "line": 9, "column": 2 },
          "end": { "line": 9, "column": null }
        },
        "type": "if",
        "locations": [
          {
            "start": { "line": 9, "column": 2 },
            "end": { "line": 9, "column": null }
          },
          { "start": {}, "end": {} }
        ],
        "line": 9
      },
      "1": {
        "loc": {
          "start": { "line": 11, "column": 9 },
          "end": { "line": 11, "column": 58 }
        },
        "type": "cond-expr",
        "locations": [
          {
            "start": { "line": 11, "column": 23 },
            "end": { "line": 11, "column": 47 }
          },
          {
            "start": { "line": 11, "column": 50 },
            "end": { "line": 11, "column": 58 }
          }
        ],
        "line": 11
      },
      "2": {
        "loc": {
          "start": { "line": 31, "column": 2 },
          "end": { "line": 31, "column": null }
        },
        "type": "default-arg",
        "locations": [
          {
            "start": { "line": 31, "column": 54 },
            "end": { "line": 31, "column": null }
          }
        ],
        "line": 31
      },
      "3": {
        "loc": {
          "start": { "line": 31, "column": 4 },
          "end": { "line": 31, "column": 18 }
        },
        "type": "default-arg",
        "locations": [
          {
            "start": { "line": 31, "column": 15 },
            "end": { "line": 31, "column": 18 }
          }
        ],
        "line": 31
      },
      "4": {
        "loc": {
          "start": { "line": 31, "column": 20 },
          "end": { "line": 31, "column": 49 }
        },
        "type": "default-arg",
        "locations": [
          {
            "start": { "line": 31, "column": 29 },
            "end": { "line": 31, "column": 49 }
          }
        ],
        "line": 31
      },
      "5": {
        "loc": {
          "start": { "line": 50, "column": 2 },
          "end": { "line": 50, "column": null }
        },
        "type": "default-arg",
        "locations": [
          {
            "start": { "line": 50, "column": 47 },
            "end": { "line": 50, "column": null }
          }
        ],
        "line": 50
      },
      "6": {
        "loc": {
          "start": { "line": 50, "column": 4 },
          "end": { "line": 50, "column": 18 }
        },
        "type": "default-arg",
        "locations": [
          {
            "start": { "line": 50, "column": 15 },
            "end": { "line": 50, "column": 18 }
          }
        ],
        "line": 50
      },
      "7": {
        "loc": {
          "start": { "line": 50, "column": 20 },
          "end": { "line": 50, "column": 42 }
        },
        "type": "default-arg",
        "locations": [
          {
            "start": { "line": 50, "column": 29 },
            "end": { "line": 50, "column": 42 }
          }
        ],
        "line": 50
      },
      "8": {
        "loc": {
          "start": { "line": 74, "column": 2 },
          "end": { "line": 74, "column": null }
        },
        "type": "if",
        "locations": [
          {
            "start": { "line": 74, "column": 2 },
            "end": { "line": 74, "column": null }
          },
          { "start": {}, "end": {} }
        ],
        "line": 74
      },
      "9": {
        "loc": {
          "start": { "line": 76, "column": 2 },
          "end": { "line": 76, "column": null }
        },
        "type": "if",
        "locations": [
          {
            "start": { "line": 76, "column": 2 },
            "end": { "line": 76, "column": null }
          },
          { "start": {}, "end": {} }
        ],
        "line": 76
      },
      "10": {
        "loc": {
          "start": { "line": 100, "column": 40 },
          "end": { "line": 100, "column": 71 }
        },
        "type": "default-arg",
        "locations": [
          {
            "start": { "line": 100, "column": 69 },
            "end": { "line": 100, "column": 71 }
          }
        ],
        "line": 100
      },
      "11": {
        "loc": {
          "start": { "line": 100, "column": 47 },
          "end": { "line": 100, "column": 64 }
        },
        "type": "default-arg",
        "locations": [
          {
            "start": { "line": 100, "column": 60 },
            "end": { "line": 100, "column": 64 }
          }
        ],
        "line": 100
      },
      "12": {
        "loc": {
          "start": { "line": 101, "column": 2 },
          "end": { "line": 101, "column": null }
        },
        "type": "if",
        "locations": [
          {
            "start": { "line": 101, "column": 2 },
            "end": { "line": 101, "column": null }
          },
          { "start": {}, "end": {} }
        ],
        "line": 101
      },
      "13": {
        "loc": {
          "start": { "line": 103, "column": 2 },
          "end": { "line": 103, "column": null }
        },
        "type": "if",
        "locations": [
          {
            "start": { "line": 103, "column": 2 },
            "end": { "line": 103, "column": null }
          },
          { "start": {}, "end": {} }
        ],
        "line": 103
      },
      "14": {
        "loc": {
          "start": { "line": 106, "column": 2 },
          "end": { "line": 106, "column": null }
        },
        "type": "if",
        "locations": [
          {
            "start": { "line": 106, "column": 2 },
            "end": { "line": 106, "column": null }
          },
          { "start": {}, "end": {} }
        ],
        "line": 106
      },
      "15": {
        "loc": {
          "start": { "line": 109, "column": 2 },
          "end": { "line": 109, "column": null }
        },
        "type": "if",
        "locations": [
          {
            "start": { "line": 109, "column": 2 },
            "end": { "line": 109, "column": null }
          },
          { "start": {}, "end": {} }
        ],
        "line": 109
      }
    },
    "s": {
      "0": 2,
      "1": 2,
      "2": 8,
      "3": 2,
      "4": 6,
      "5": 6,
      "6": 7,
      "7": 1,
      "8": 1,
      "9": 1,
      "10": 0,
      "11": 0,
      "12": 0,
      "13": 0,
      "14": 4,
      "15": 1,
      "16": 3,
      "17": 3,
      "18": 1,
      "19": 2,
      "20": 0,
      "21": 2,
      "22": 2,
      "23": 0,
      "24": 2
    },
    "f": { "0": 8, "1": 7, "2": 1, "3": 1, "4": 4 },
    "b": {
      "0": [2, 6],
      "1": [5, 1],
      "2": [7],
      "3": [7],
      "4": [7],
      "5": [1],
      "6": [1],
      "7": [1],
      "8": [1, 0],
      "9": [0, 0],
      "10": [4],
      "11": [4],
      "12": [1, 3],
      "13": [1, 2],
      "14": [0, 2],
      "15": [0, 2]
    },
    "meta": {
      "lastBranch": 16,
      "lastFunction": 5,
      "lastStatement": 25,
      "seen": {
        "s:5:0:5:Infinity": 0,
        "s:6:0:6:Infinity": 1,
        "f:8:9:8:19": 0,
        "b:9:2:9:Infinity:undefined:undefined:undefined:undefined": 0,
        "s:9:2:9:Infinity": 2,
        "s:9:12:9:Infinity": 3,
        "s:10:12:10:26": 4,
        "s:11:2:11:Infinity": 5,
        "b:11:23:11:47:11:50:11:58": 1,
        "f:29:16:29:30": 1,
        "b:31:54:31:Infinity": 2,
        "b:31:15:31:18": 3,
        "b:31:29:31:49": 4,
        "s:33:2:33:Infinity": 6,
        "f:48:16:48:29": 2,
        "b:50:47:50:Infinity": 5,
        "b:50:15:50:18": 6,
        "b:50:29:50:42": 7,
        "s:52:2:52:Infinity": 7,
        "f:73:16:73:44": 3,
        "b:74:2:74:Infinity:undefined:undefined:undefined:undefined": 8,
        "s:74:2:74:Infinity": 8,
        "s:74:19:74:Infinity": 9,
        "s:75:11:75:29": 10,
        "b:76:2:76:Infinity:undefined:undefined:undefined:undefined": 9,
        "s:76:2:76:Infinity": 11,
        "s:76:20:76:Infinity": 12,
        "s:77:2:77:Infinity": 13,
        "f:100:16:100:34": 4,
        "b:100:69:100:71": 10,
        "b:100:60:100:64": 11,
        "b:101:2:101:Infinity:undefined:undefined:undefined:undefined": 12,
        "s:101:2:101:Infinity": 14,
        "s:101:12:101:Infinity": 15,
        "s:102:12:102:26": 16,
        "b:103:2:103:Infinity:undefined:undefined:undefined:undefined": 13,
        "s:103:2:103:Infinity": 17,
        "s:103:20:103:Infinity": 18,
        "b:106:2:106:Infinity:undefined:undefined:undefined:undefined": 14,
        "s:106:2:106:Infinity": 19,
        "s:106:12:106:Infinity": 20,
        "s:108:14:108:28": 21,
        "b:109:2:109:Infinity:undefined:undefined:undefined:undefined": 15,
        "s:109:2:109:Infinity": 22,
        "s:109:22:109:Infinity": 23,
        "s:112:2:112:Infinity": 24
      }
    }
  }
}
